<?xml version="1.0" encoding="UTF-8"?>
<testng-results ignored="0" total="1" passed="1" failed="0" skipped="0">
  <reporter-output>
  </reporter-output>
  <suite started-at="2022-02-26T12:10:37 IST" name="Default suite" finished-at="2022-02-26T12:10:53 IST" duration-ms="16075">
    <groups>
    </groups>
    <test started-at="2022-02-26T12:10:37 IST" name="Default test" finished-at="2022-02-26T12:10:53 IST" duration-ms="16075">
      <class name="TestNG.TestNG_Que2_Verifymail">
        <test-method is-config="true" signature="LaunchBrowser()[pri:0, instance:TestNG.TestNG_Que2_Verifymail@636be97c]" started-at="2022-02-26T12:10:37 IST" name="LaunchBrowser" finished-at="2022-02-26T12:10:51 IST" duration-ms="13413" status="PASS">
          <reporter-output>
          </reporter-output>
        </test-method> <!-- LaunchBrowser -->
        <test-method is-config="true" signature="CreateObj()[pri:0, instance:TestNG.TestNG_Que2_Verifymail@636be97c]" started-at="2022-02-26T12:10:51 IST" name="CreateObj" finished-at="2022-02-26T12:10:51 IST" duration-ms="48" status="PASS">
          <reporter-output>
          </reporter-output>
        </test-method> <!-- CreateObj -->
        <test-method signature="TestCase002Verifymail()[pri:0, instance:TestNG.TestNG_Que2_Verifymail@636be97c]" started-at="2022-02-26T12:10:51 IST" name="TestCase002Verifymail" finished-at="2022-02-26T12:10:53 IST" duration-ms="2509" status="PASS">
          <reporter-output>
          </reporter-output>
        </test-method> <!-- TestCase002Verifymail -->
        <test-method is-config="true" signature="Logout()[pri:0, instance:TestNG.TestNG_Que2_Verifymail@636be97c]" started-at="2022-02-26T12:10:53 IST" name="Logout" finished-at="2022-02-26T12:10:53 IST" duration-ms="1" status="PASS">
          <reporter-output>
          </reporter-output>
        </test-method> <!-- Logout -->
        <test-method is-config="true" signature="CloseBrowser()[pri:0, instance:TestNG.TestNG_Que2_Verifymail@636be97c]" started-at="2022-02-26T12:10:53 IST" name="CloseBrowser" finished-at="2022-02-26T12:10:53 IST" duration-ms="1" status="PASS">
          <reporter-output>
          </reporter-output>
        </test-method> <!-- CloseBrowser -->
      </class> <!-- TestNG.TestNG_Que2_Verifymail -->
    </test> <!-- Default test -->
  </suite> <!-- Default suite -->
</testng-results>
